<?xml version="1.0" encoding="UTF-8"?>
<!-- Generated by org.testng.reporters.JUnitReportReporter -->
<testsuite hostname="DESKTOP-L1TJJR1" failures="0" tests="1" name="com.demo.testNG.DemoAnnotations" time="0.006" errors="0" timestamp="2023-01-16T21:39:56 IST" skipped="0">
  <testcase classname="com.demo.testNG.DemoAnnotations" name="testmethod1" time="0.006"/>
  <system-out/>
</testsuite> <!-- com.demo.testNG.DemoAnnotations -->
