<?xml version="1.0" encoding="UTF-8"?>
<!-- Generated by org.testng.reporters.JUnitReportReporter -->
<testsuite hostname="DESKTOP-L1TJJR1" failures="0" tests="1" name="com.dataproviders.TestAttributes" time="6.804" errors="0" timestamp="2023-01-24T22:42:32 IST" skipped="0">
  <testcase classname="com.dataproviders.TestAttributes" name="testmethod1" time="6.804"/>
  <system-out/>
</testsuite> <!-- com.dataproviders.TestAttributes -->
