<?xml version="1.0" encoding="UTF-8"?>
<!-- Generated by org.testng.reporters.JUnitReportReporter -->
<testsuite hostname="DESKTOP-L1TJJR1" failures="0" tests="1" name="com.demo.testNG.FirstTest$B" time="0.014" errors="0" timestamp="2023-01-16T23:07:12 IST" skipped="0">
  <testcase classname="com.demo.testNG.FirstTest$B" name="btest1" time="0.014"/>
  <system-out/>
</testsuite> <!-- com.demo.testNG.FirstTest$B -->
