<?xml version="1.0" encoding="UTF-8"?>
<!-- Generated by org.testng.reporters.JUnitReportReporter -->
<testsuite hostname="DESKTOP-L1TJJR1" failures="0" tests="3" name="com.demo.testNG.OrangeHRM" time="33.326" errors="0" timestamp="2023-01-16T23:05:59 IST" skipped="0">
  <testcase classname="com.demo.testNG.OrangeHRM" name="enterLoginDetails" time="19.004"/>
  <system-out/>
  <testcase classname="com.demo.testNG.OrangeHRM" name="verifyLogin" time="5.127"/>
  <system-out/>
  <testcase classname="com.demo.testNG.OrangeHRM" name="launchApp" time="9.195"/>
  <system-out/>
</testsuite> <!-- com.demo.testNG.OrangeHRM -->
