<?xml version="1.0" encoding="UTF-8"?>
<!-- Generated by org.testng.reporters.JUnitReportReporter -->
<testsuite hostname="DESKTOP-L1TJJR1" failures="0" tests="2" name="com.demo.tests.NewTest" time="0.012" errors="0" timestamp="2023-01-17T15:58:31 IST" skipped="0">
  <testcase classname="com.demo.tests.NewTest" name="test2" time="0.008"/>
  <system-out/>
  <testcase classname="com.demo.tests.NewTest" name="test3" time="0.004"/>
  <system-out/>
</testsuite> <!-- com.demo.tests.NewTest -->
