<?xml version="1.0" encoding="UTF-8"?>
<!-- Generated by org.testng.reporters.JUnitReportReporter -->
<testsuite hostname="DESKTOP-L1TJJR1" failures="0" tests="2" name="com.demo.testNG.Indices_Dataprovieder" time="0.010" errors="0" timestamp="2023-01-20T16:15:26 IST" skipped="0">
  <testcase classname="com.demo.testNG.Indices_Dataprovieder" name="TestLogin" time="0.008"/>
  <system-out/>
  <testcase classname="com.demo.testNG.Indices_Dataprovieder" name="TestLogin" time="0.002"/>
  <system-out/>
</testsuite> <!-- com.demo.testNG.Indices_Dataprovieder -->
