<?xml version="1.0" encoding="UTF-8"?>
<!-- Generated by org.testng.reporters.JUnitReportReporter -->
<testsuite hostname="DESKTOP-L1TJJR1" failures="0" tests="3" name="com.parallel.TestClass2" time="0.025" errors="0" timestamp="2023-01-24T23:32:10 IST" skipped="0">
  <testcase classname="com.parallel.TestClass2" name="testmethod3" time="0.005"/>
  <system-out/>
  <testcase classname="com.parallel.TestClass2" name="testmethod1" time="0.017"/>
  <system-out/>
  <testcase classname="com.parallel.TestClass2" name="testmethod2" time="0.003"/>
  <system-out/>
</testsuite> <!-- com.parallel.TestClass2 -->
