<?xml version="1.0" encoding="UTF-8"?>
<!-- Generated by org.testng.reporters.JUnitReportReporter -->
<testsuite hostname="DESKTOP-L1TJJR1" failures="0" tests="3" name="com.dataproviders.BaseTest5" time="108.683" errors="0" timestamp="2023-01-24T17:27:39 IST" skipped="0">
  <testcase classname="com.dataproviders.BaseTest5" name="login" time="20.696"/>
  <system-out/>
  <testcase classname="com.dataproviders.BaseTest5" name="login" time="66.912"/>
  <system-out/>
  <testcase classname="com.dataproviders.BaseTest5" name="login" time="21.075"/>
  <system-out/>
</testsuite> <!-- com.dataproviders.BaseTest5 -->
