<?xml version="1.0" encoding="UTF-8"?>
<!-- Generated by org.testng.reporters.JUnitReportReporter -->
<testsuite hostname="DESKTOP-L1TJJR1" failures="0" tests="1" name="com.demo.groups.NewTest1" time="0.008" errors="0" timestamp="2023-01-17T21:54:16 IST" skipped="0">
  <testcase classname="com.demo.groups.NewTest1" name="test5" time="0.008"/>
  <system-out/>
</testsuite> <!-- com.demo.groups.NewTest1 -->
