<?xml version="1.0" encoding="UTF-8"?>
<!-- Generated by org.testng.reporters.JUnitReportReporter -->
<testsuite hostname="DESKTOP-L1TJJR1" failures="0" tests="2" name="com.demo.groups.NewTest" time="0.014" errors="0" timestamp="2023-01-17T22:37:46 IST" skipped="0">
  <testcase classname="com.demo.groups.NewTest" name="test1" time="0.012"/>
  <system-out/>
  <testcase classname="com.demo.groups.NewTest" name="test3" time="0.002"/>
  <system-out/>
</testsuite> <!-- com.demo.groups.NewTest -->
