<?xml version="1.0" encoding="UTF-8"?>
<!-- Generated by org.testng.reporters.JUnitReportReporter -->
<testsuite hostname="DESKTOP-L1TJJR1" failures="0" tests="3" name="com.demo.testNG.BaseTest2" time="0.012" errors="0" timestamp="2023-01-20T15:40:43 IST" skipped="0">
  <testcase classname="com.demo.testNG.BaseTest2" name="TestLogin" time="0.006"/>
  <system-out/>
  <testcase classname="com.demo.testNG.BaseTest2" name="TestLogin" time="0.002"/>
  <system-out/>
  <testcase classname="com.demo.testNG.BaseTest2" name="TestLogin" time="0.004"/>
  <system-out/>
</testsuite> <!-- com.demo.testNG.BaseTest2 -->
