<?xml version="1.0" encoding="UTF-8"?>
<!-- Generated by org.testng.reporters.JUnitReportReporter -->
<testsuite hostname="DESKTOP-L1TJJR1" failures="0" tests="3" name="com.demo.tests.NewTest1" time="0.012" errors="0" timestamp="2023-01-17T15:58:25 IST" skipped="0">
  <testcase classname="com.demo.tests.NewTest1" name="test6" time="0.002"/>
  <system-out/>
  <testcase classname="com.demo.tests.NewTest1" name="test4" time="0.009"/>
  <system-out/>
  <testcase classname="com.demo.tests.NewTest1" name="test5" time="0.001"/>
  <system-out/>
</testsuite> <!-- com.demo.tests.NewTest1 -->
