<?xml version="1.0" encoding="UTF-8"?>
<!-- Generated by org.testng.reporters.JUnitReportReporter -->
<testsuite hostname="DESKTOP-L1TJJR1" failures="0" tests="6" name="com.demo.testNG.Priority" time="0.022" errors="0" timestamp="2023-01-17T14:49:27 IST" skipped="0">
  <testcase classname="com.demo.testNG.Priority" name="Login" time="0.011"/>
  <system-out/>
  <testcase classname="com.demo.testNG.Priority" name="signUp" time="0.001"/>
  <system-out/>
  <testcase classname="com.demo.testNG.Priority" name="BookTheFlight" time="0.002"/>
  <system-out/>
  <testcase classname="com.demo.testNG.Priority" name="SearchForTheFlight" time="0.004"/>
  <system-out/>
  <testcase classname="com.demo.testNG.Priority" name="SaveTheTicket" time="0.002"/>
  <system-out/>
  <testcase classname="com.demo.testNG.Priority" name="Logout" time="0.002"/>
  <system-out/>
</testsuite> <!-- com.demo.testNG.Priority -->
