<?xml version="1.0" encoding="UTF-8"?>
<!-- Generated by org.testng.reporters.JUnitReportReporter -->
<testsuite hostname="DESKTOP-L1TJJR1" failures="0" tests="1" name="com.demo.testNG.BasicTest" time="0.000" errors="0" timestamp="2023-01-20T13:46:36 IST" skipped="1">
  <testcase classname="com.demo.testNG.BasicTest" name="login" time="0.000">
    <skipped/>
  </testcase> <!-- login -->
  <system-out/>
</testsuite> <!-- com.demo.testNG.BasicTest -->
